This is pdfTeX, Version 3.14159265-2.6-1.40.16 (TeX Live 2015) (preloaded format=pdflatex 2015.5.24)  9 APR 2016 10:14
entering extended mode
 restricted \write18 enabled.
 file:line:error style messages enabled.
 %&-line parsing enabled.
**stvrdoc-zfb_andy_edit.tex
(./stvrdoc-zfb_andy_edit.tex
LaTeX2e <2015/01/01>
Babel <3.9l> and hyphenation patterns for 79 languages loaded.
(./stvrauth.cls
Document Class: stvrauth 2010/05/13 v2.00\ stvrauth.cls
(/usr/local/texlive/2015/texmf-dist/tex/latex/base/article.cls
Document Class: article 2014/09/29 v1.4h Standard LaTeX document class
(/usr/local/texlive/2015/texmf-dist/tex/latex/base/size10.clo
File: size10.clo 2014/09/29 v1.4h Standard LaTeX file (size option)
)
\c@part=\count79
\c@section=\count80
\c@subsection=\count81
\c@subsubsection=\count82
\c@paragraph=\count83
\c@subparagraph=\count84
\c@figure=\count85
\c@table=\count86
\abovecaptionskip=\skip41
\belowcaptionskip=\skip42
\bibindent=\dimen102
)
(/usr/local/texlive/2015/texmf-dist/tex/latex/psnfss/times.sty
Package: times 2005/04/12 PSNFSS-v9.2a (SPQR) 
)
(/usr/local/texlive/2015/texmf-dist/tex/latex/graphics/graphicx.sty
Package: graphicx 2014/10/28 v1.0g Enhanced LaTeX Graphics (DPC,SPQR)

(/usr/local/texlive/2015/texmf-dist/tex/latex/graphics/keyval.sty
Package: keyval 2014/10/28 v1.15 key=value parser (DPC)
\KV@toks@=\toks14
)
(/usr/local/texlive/2015/texmf-dist/tex/latex/graphics/graphics.sty
Package: graphics 2014/10/28 v1.0p Standard LaTeX Graphics (DPC,SPQR)

(/usr/local/texlive/2015/texmf-dist/tex/latex/graphics/trig.sty
Package: trig 1999/03/16 v1.09 sin cos tan (DPC)
)
(/usr/local/texlive/2015/texmf-dist/tex/latex/latexconfig/graphics.cfg
File: graphics.cfg 2010/04/23 v1.9 graphics configuration of TeX Live
)
Package graphics Info: Driver file: pdftex.def on input line 94.

(/usr/local/texlive/2015/texmf-dist/tex/latex/pdftex-def/pdftex.def
File: pdftex.def 2011/05/27 v0.06d Graphics/color for pdfTeX

(/usr/local/texlive/2015/texmf-dist/tex/generic/oberdiek/infwarerr.sty
Package: infwarerr 2010/04/08 v1.3 Providing info/warning/error messages (HO)
)
(/usr/local/texlive/2015/texmf-dist/tex/generic/oberdiek/ltxcmds.sty
Package: ltxcmds 2011/11/09 v1.22 LaTeX kernel commands for general use (HO)
)
\Gread@gobject=\count87
))
\Gin@req@height=\dimen103
\Gin@req@width=\dimen104
)
(/usr/local/texlive/2015/texmf-dist/tex/latex/psnfss/pifont.sty
Package: pifont 2005/04/12 PSNFSS-v9.2a Pi font support (SPQR) 
LaTeX Font Info:    Try loading font information for U+pzd on input line 63.

(/usr/local/texlive/2015/texmf-dist/tex/latex/psnfss/upzd.fd
File: upzd.fd 2001/06/04 font definitions for U/pzd.
)
LaTeX Font Info:    Try loading font information for U+psy on input line 64.

(/usr/local/texlive/2015/texmf-dist/tex/latex/psnfss/upsy.fd
File: upsy.fd 2001/06/04 font definitions for U/psy.
))
(/usr/local/texlive/2015/texmf-dist/tex/latex/base/latexsym.sty
Package: latexsym 1998/08/17 v2.2e Standard LaTeX package (lasy symbols)
\symlasy=\mathgroup4
LaTeX Font Info:    Overwriting symbol font `lasy' in version `bold'
(Font)                  U/lasy/m/n --> U/lasy/b/n on input line 52.
)
(/usr/local/texlive/2015/texmf-dist/tex/latex/base/ifthen.sty
Package: ifthen 2014/09/29 v1.1c Standard LaTeX ifthen package (DPC)
)
(/usr/local/texlive/2015/texmf-dist/tex/latex/rotating/rotating.sty
Package: rotating 2009/03/28 v2.16a rotated objects in LaTeX
\c@r@tfl@t=\count88
\rotFPtop=\skip43
\rotFPbot=\skip44
\rot@float@box=\box26
\rot@mess@toks=\toks15
)
(/usr/local/texlive/2015/texmf-dist/tex/latex/tools/calc.sty
Package: calc 2014/10/28 v4.3 Infix arithmetic (KKT,FJ)
\calc@Acount=\count89
\calc@Bcount=\count90
\calc@Adimen=\dimen105
\calc@Bdimen=\dimen106
\calc@Askip=\skip45
\calc@Bskip=\skip46
LaTeX Info: Redefining \setlength on input line 80.
LaTeX Info: Redefining \addtolength on input line 81.
\calc@Ccount=\count91
\calc@Cskip=\skip47
) (./textcase.sty
Package: textcase 1998/11/12 v0.06 Text only upper/lower case changing (DPC)
)
(/usr/local/texlive/2015/texmf-dist/tex/latex/booktabs/booktabs.sty
Package: booktabs 2005/04/14 v1.61803 publication quality tables
\heavyrulewidth=\dimen107
\lightrulewidth=\dimen108
\cmidrulewidth=\dimen109
\belowrulesep=\dimen110
\belowbottomsep=\dimen111
\aboverulesep=\dimen112
\abovetopsep=\dimen113
\cmidrulesep=\dimen114
\cmidrulekern=\dimen115
\defaultaddspace=\dimen116
\@cmidla=\count92
\@cmidlb=\count93
\@aboverulesep=\dimen117
\@belowrulesep=\dimen118
\@thisruleclass=\count94
\@lastruleclass=\count95
\@thisrulewidth=\dimen119
)
(/usr/local/texlive/2015/texmf-dist/tex/latex/graphics/color.sty
Package: color 2014/10/28 v1.1a Standard LaTeX Color (DPC)

(/usr/local/texlive/2015/texmf-dist/tex/latex/latexconfig/color.cfg
File: color.cfg 2007/01/18 v1.5 color configuration of teTeX/TeXLive
)
Package color Info: Driver file: pdftex.def on input line 142.
)
(/usr/local/texlive/2015/texmf-dist/tex/latex/amsfonts/amsfonts.sty
Package: amsfonts 2013/01/14 v3.01 Basic AMSFonts support
\@emptytoks=\toks16
\symAMSa=\mathgroup5
\symAMSb=\mathgroup6
LaTeX Font Info:    Overwriting math alphabet `\mathfrak' in version `bold'
(Font)                  U/euf/m/n --> U/euf/b/n on input line 106.
)
(/usr/local/texlive/2015/texmf-dist/tex/latex/amsfonts/amssymb.sty
Package: amssymb 2013/01/14 v3.01 AMS font symbols
)
(/usr/local/texlive/2015/texmf-dist/tex/latex/amsmath/amsbsy.sty
Package: amsbsy 1999/11/29 v1.2d

(/usr/local/texlive/2015/texmf-dist/tex/latex/amsmath/amsgen.sty
File: amsgen.sty 1999/11/30 v2.0
\@emptytoks=\toks17
\ex@=\dimen120
)
\pmbraise@=\dimen121
)
(/usr/local/texlive/2015/texmf-dist/tex/latex/amsmath/amsmath.sty
Package: amsmath 2013/01/14 v2.14 AMS math features
\@mathmargin=\skip48

For additional information on amsmath, use the `?' option.
(/usr/local/texlive/2015/texmf-dist/tex/latex/amsmath/amstext.sty
Package: amstext 2000/06/29 v2.01
)
(/usr/local/texlive/2015/texmf-dist/tex/latex/amsmath/amsopn.sty
Package: amsopn 1999/12/14 v2.01 operator names
)
\inf@bad=\count96
LaTeX Info: Redefining \frac on input line 210.
\uproot@=\count97
\leftroot@=\count98
LaTeX Info: Redefining \overline on input line 306.
\classnum@=\count99
\DOTSCASE@=\count100
LaTeX Info: Redefining \ldots on input line 378.
LaTeX Info: Redefining \dots on input line 381.
LaTeX Info: Redefining \cdots on input line 466.
\Mathstrutbox@=\box27
\strutbox@=\box28
\big@size=\dimen122
LaTeX Font Info:    Redeclaring font encoding OML on input line 566.
LaTeX Font Info:    Redeclaring font encoding OMS on input line 567.
\macc@depth=\count101
\c@MaxMatrixCols=\count102
\dotsspace@=\muskip10
\c@parentequation=\count103
\dspbrk@lvl=\count104
\tag@help=\toks18
\row@=\count105
\column@=\count106
\maxfields@=\count107
\andhelp@=\toks19
\eqnshift@=\dimen123
\alignsep@=\dimen124
\tagshift@=\dimen125
\tagwidth@=\dimen126
\totwidth@=\dimen127
\lineht@=\dimen128
\@envbody=\toks20
\multlinegap=\skip49
\multlinetaggap=\skip50
\mathdisplay@stack=\toks21
LaTeX Info: Redefining \[ on input line 2665.
LaTeX Info: Redefining \] on input line 2666.
)
(/usr/local/texlive/2015/texmf-dist/tex/latex/amscls/amsthm.sty
Package: amsthm 2015/03/04 v2.20.2
\thm@style=\toks22
\thm@bodyfont=\toks23
\thm@headfont=\toks24
\thm@notefont=\toks25
\thm@headpunct=\toks26
\thm@preskip=\skip51
\thm@postskip=\skip52
\thm@headsep=\skip53
\dth@everypar=\toks27
)
(/usr/local/texlive/2015/texmf-dist/tex/latex/base/tracefnt.sty
Package: tracefnt 2015/02/21 v3.0k Standard LaTeX package (font tracing)
\tracingfonts=\count108
LaTeX Info: Redefining \selectfont on input line 106.
)
\absbox=\box29
\@bls=\dimen129

(/usr/local/texlive/2015/texmf-dist/tex/latex/caption/caption.sty
Package: caption 2013/05/02 v3.3-89 Customizing captions (AR)

(/usr/local/texlive/2015/texmf-dist/tex/latex/caption/caption3.sty
Package: caption3 2013/05/02 v1.6-88 caption3 kernel (AR)
Package caption3 Info: TeX engine: e-TeX on input line 57.
\captionmargin=\dimen130
\captionmargin@=\dimen131
\captionwidth=\dimen132
\caption@tempdima=\dimen133
\caption@indent=\dimen134
\caption@parindent=\dimen135
\caption@hangindent=\dimen136
)
\c@ContinuedFloat=\count109
Package caption Info: rotating package is loaded.
)
LaTeX Font Warning: Font shape `OT1/cmr/m/n' in size <10.3> not available
(Font)              size <10> substituted on input line 379.
)
(./moreverb.sty
Package: moreverb 1994/12/13 v2.0 LaTeX2e package for `more' verbatim enhanceme
nts

Package: `moreverb' v2.0 <1994/12/13> (RF, after AJCD and RmS)
(/usr/local/texlive/2015/texmf-dist/tex/latex/tools/verbatim.sty
Package: verbatim 2014/10/28 v1.5q LaTeX2e package for verbatim enhancements
\every@verbatim=\toks28
\verbatim@line=\toks29
\verbatim@in@stream=\read1
)
\verbatim@out=\write3
\tab@position=\count110
\tab@size=\count111
\verbatimtabsize=\count112
\listing@line=\count113
\listing@step=\count114
\verbtab@in=\read2
)
(/usr/local/texlive/2015/texmf-dist/tex/latex/multirow/multirow.sty
\bigstrutjot=\dimen137
)
(/usr/local/texlive/2015/texmf-dist/tex/latex/tools/bm.sty
Package: bm 2014/10/28 v1.1c Bold Symbol Support (DPC/FMi)
\symboldoperators=\mathgroup7
\symboldletters=\mathgroup8
\symboldsymbols=\mathgroup9
\symboldlasy=\mathgroup10
LaTeX Font Info:    Redeclaring math alphabet \mathbf on input line 141.
LaTeX Info: Redefining \bm on input line 207.
)
(/usr/local/texlive/2015/texmf-dist/tex/latex/algorithms/algorithm.sty
Package: algorithm 2009/08/24 v0.1 Document Style `algorithm' - floating enviro
nment

(/usr/local/texlive/2015/texmf-dist/tex/latex/float/float.sty
Package: float 2001/11/08 v1.3d Float enhancements (AL)
\c@float@type=\count115
\float@exts=\toks30
\float@box=\box30
\@float@everytoks=\toks31
\@floatcapt=\box31
)
\@float@every@algorithm=\toks32
\c@algorithm=\count116
)
(./algpseudocode.sty
Package: algpseudocode 
 (./algorithmicx.sty
Package: algorithmicx 2005/04/27 v1.2 Algorithmicx

Document Style algorithmicx 1.2 - a greatly improved `algorithmic' style
\c@ALG@line=\count117
\c@ALG@rem=\count118
\c@ALG@nested=\count119
\ALG@tlm=\skip54
\ALG@thistlm=\skip55
\c@ALG@Lnr=\count120
\c@ALG@blocknr=\count121
\c@ALG@storecount=\count122
\c@ALG@tmpcounter=\count123
\ALG@tmplength=\skip56
)
Document Style - pseudocode environments for use with the `algorithmicx' style
) (/usr/local/texlive/2015/texmf-dist/tex/latex/hyperref/hyperref.sty
Package: hyperref 2012/11/06 v6.83m Hypertext links for LaTeX

(/usr/local/texlive/2015/texmf-dist/tex/generic/oberdiek/hobsub-hyperref.sty
Package: hobsub-hyperref 2012/05/28 v1.13 Bundle oberdiek, subset hyperref (HO)


(/usr/local/texlive/2015/texmf-dist/tex/generic/oberdiek/hobsub-generic.sty
Package: hobsub-generic 2012/05/28 v1.13 Bundle oberdiek, subset generic (HO)
Package: hobsub 2012/05/28 v1.13 Construct package bundles (HO)
Package hobsub Info: Skipping package `infwarerr' (already loaded).
Package hobsub Info: Skipping package `ltxcmds' (already loaded).
Package: ifluatex 2010/03/01 v1.3 Provides the ifluatex switch (HO)
Package ifluatex Info: LuaTeX not detected.
Package: ifvtex 2010/03/01 v1.5 Detect VTeX and its facilities (HO)
Package ifvtex Info: VTeX not detected.
Package: intcalc 2007/09/27 v1.1 Expandable calculations with integers (HO)
Package: ifpdf 2011/01/30 v2.3 Provides the ifpdf switch (HO)
Package ifpdf Info: pdfTeX in PDF mode is detected.
Package: etexcmds 2011/02/16 v1.5 Avoid name clashes with e-TeX commands (HO)
Package etexcmds Info: Could not find \expanded.
(etexcmds)             That can mean that you are not using pdfTeX 1.50 or
(etexcmds)             that some package has redefined \expanded.
(etexcmds)             In the latter case, load this package earlier.
Package: kvsetkeys 2012/04/25 v1.16 Key value parser (HO)
Package: kvdefinekeys 2011/04/07 v1.3 Define keys (HO)
Package: pdftexcmds 2011/11/29 v0.20 Utility functions of pdfTeX for LuaTeX (HO
)
Package pdftexcmds Info: LuaTeX not detected.
Package pdftexcmds Info: \pdf@primitive is available.
Package pdftexcmds Info: \pdf@ifprimitive is available.
Package pdftexcmds Info: \pdfdraftmode found.
Package: pdfescape 2011/11/25 v1.13 Implements pdfTeX's escape features (HO)
Package: bigintcalc 2012/04/08 v1.3 Expandable calculations on big integers (HO
)
Package: bitset 2011/01/30 v1.1 Handle bit-vector datatype (HO)
Package: uniquecounter 2011/01/30 v1.2 Provide unlimited unique counter (HO)
)
Package hobsub Info: Skipping package `hobsub' (already loaded).
Package: letltxmacro 2010/09/02 v1.4 Let assignment for LaTeX macros (HO)
Package: hopatch 2012/05/28 v1.2 Wrapper for package hooks (HO)
Package: xcolor-patch 2011/01/30 xcolor patch
Package: atveryend 2011/06/30 v1.8 Hooks at the very end of document (HO)
Package atveryend Info: \enddocument detected (standard20110627).
Package: atbegshi 2011/10/05 v1.16 At begin shipout hook (HO)
Package: refcount 2011/10/16 v3.4 Data extraction from label references (HO)
Package: hycolor 2011/01/30 v1.7 Color options for hyperref/bookmark (HO)
)
(/usr/local/texlive/2015/texmf-dist/tex/generic/ifxetex/ifxetex.sty
Package: ifxetex 2010/09/12 v0.6 Provides ifxetex conditional
)
(/usr/local/texlive/2015/texmf-dist/tex/latex/oberdiek/auxhook.sty
Package: auxhook 2011/03/04 v1.3 Hooks for auxiliary files (HO)
)
(/usr/local/texlive/2015/texmf-dist/tex/latex/oberdiek/kvoptions.sty
Package: kvoptions 2011/06/30 v3.11 Key value format for package options (HO)
)
\@linkdim=\dimen138
\Hy@linkcounter=\count124
\Hy@pagecounter=\count125

(/usr/local/texlive/2015/texmf-dist/tex/latex/hyperref/pd1enc.def
File: pd1enc.def 2012/11/06 v6.83m Hyperref: PDFDocEncoding definition (HO)
)
\Hy@SavedSpaceFactor=\count126

(/usr/local/texlive/2015/texmf-dist/tex/latex/latexconfig/hyperref.cfg
File: hyperref.cfg 2002/06/06 v1.2 hyperref configuration of TeXLive
)
Package hyperref Info: Option `colorlinks' set `true' on input line 4319.
Package hyperref Info: Option `bookmarksopen' set `true' on input line 4319.
Package hyperref Info: Option `bookmarksnumbered' set `true' on input line 4319
.
Package hyperref Info: Hyper figures OFF on input line 4443.
Package hyperref Info: Link nesting OFF on input line 4448.
Package hyperref Info: Hyper index ON on input line 4451.
Package hyperref Info: Plain pages OFF on input line 4458.
Package hyperref Info: Backreferencing OFF on input line 4463.
Package hyperref Info: Implicit mode ON; LaTeX internals redefined.
Package hyperref Info: Bookmarks ON on input line 4688.
\c@Hy@tempcnt=\count127

(/usr/local/texlive/2015/texmf-dist/tex/latex/url/url.sty
\Urlmuskip=\muskip11
Package: url 2013/09/16  ver 3.4  Verb mode for urls, etc.
)
LaTeX Info: Redefining \url on input line 5041.
\XeTeXLinkMargin=\dimen139
\Fld@menulength=\count128
\Field@Width=\dimen140
\Fld@charsize=\dimen141
Package hyperref Info: Hyper figures OFF on input line 6295.
Package hyperref Info: Link nesting OFF on input line 6300.
Package hyperref Info: Hyper index ON on input line 6303.
Package hyperref Info: backreferencing OFF on input line 6310.
Package hyperref Info: Link coloring ON on input line 6313.
Package hyperref Info: Link coloring with OCG OFF on input line 6320.
Package hyperref Info: PDF/A mode OFF on input line 6325.
LaTeX Info: Redefining \ref on input line 6365.
LaTeX Info: Redefining \pageref on input line 6369.
\Hy@abspage=\count129
\c@Item=\count130
\c@Hfootnote=\count131
)

Package hyperref Message: Driver (autodetected): hpdftex.

(/usr/local/texlive/2015/texmf-dist/tex/latex/hyperref/hpdftex.def
File: hpdftex.def 2012/11/06 v6.83m Hyperref driver for pdfTeX
\Fld@listcount=\count132
\c@bookmark@seq@number=\count133

(/usr/local/texlive/2015/texmf-dist/tex/latex/oberdiek/rerunfilecheck.sty
Package: rerunfilecheck 2011/04/15 v1.7 Rerun checks for auxiliary files (HO)
Package uniquecounter Info: New unique counter `rerunfilecheck' on input line 2
82.
)
\Hy@SectionHShift=\skip57
)
(/usr/local/texlive/2015/texmf-dist/tex/latex/soul/soul.sty
Package: soul 2003/11/17 v2.4 letterspacing/underlining (mf)
\SOUL@word=\toks33
\SOUL@lasttoken=\toks34
\SOUL@cmds=\toks35
\SOUL@buffer=\toks36
\SOUL@token=\toks37
\SOUL@spaceskip=\skip58
\SOUL@ttwidth=\dimen142
\SOUL@uldp=\dimen143
\SOUL@ulht=\dimen144
)
(/usr/local/texlive/2015/texmf-dist/tex/latex/xcolor/xcolor.sty
Package: xcolor 2007/01/21 v2.11 LaTeX color extensions (UK)

(/usr/local/texlive/2015/texmf-dist/tex/latex/latexconfig/color.cfg
File: color.cfg 2007/01/18 v1.5 color configuration of teTeX/TeXLive
)
Package xcolor Info: Driver file: pdftex.def on input line 225.
LaTeX Info: Redefining \color on input line 702.
Package xcolor Info: Model `cmy' substituted by `cmy0' on input line 1337.
Package xcolor Info: Model `hsb' substituted by `rgb' on input line 1341.
Package xcolor Info: Model `RGB' extended on input line 1353.
Package xcolor Info: Model `HTML' substituted by `rgb' on input line 1355.
Package xcolor Info: Model `Hsb' substituted by `hsb' on input line 1356.
Package xcolor Info: Model `tHsb' substituted by `hsb' on input line 1357.
Package xcolor Info: Model `HSB' substituted by `hsb' on input line 1358.
Package xcolor Info: Model `Gray' substituted by `gray' on input line 1359.
Package xcolor Info: Model `wave' substituted by `hsb' on input line 1360.
)
(./stvrdoc-zfb_andy_edit.aux

LaTeX Warning: Label `Abreu2009' multiply defined.

)
\openout1 = `stvrdoc-zfb_andy_edit.aux'.

LaTeX Font Info:    Checking defaults for OML/cmm/m/it on input line 22.
LaTeX Font Info:    ... okay on input line 22.
LaTeX Font Info:    Checking defaults for T1/cmr/m/n on input line 22.
LaTeX Font Info:    ... okay on input line 22.
LaTeX Font Info:    Checking defaults for OT1/cmr/m/n on input line 22.
LaTeX Font Info:    ... okay on input line 22.
LaTeX Font Info:    Checking defaults for OMS/cmsy/m/n on input line 22.
LaTeX Font Info:    ... okay on input line 22.
LaTeX Font Info:    Checking defaults for OMX/cmex/m/n on input line 22.
LaTeX Font Info:    ... okay on input line 22.
LaTeX Font Info:    Checking defaults for U/cmr/m/n on input line 22.
LaTeX Font Info:    ... okay on input line 22.
LaTeX Font Info:    Checking defaults for PD1/pdf/m/n on input line 22.
LaTeX Font Info:    ... okay on input line 22.
LaTeX Font Info:    Try loading font information for OT1+ptm on input line 22.
 (/usr/local/texlive/2015/texmf-dist/tex/latex/psnfss/ot1ptm.fd
File: ot1ptm.fd 2001/06/04 font definitions for OT1/ptm.
)
(/usr/local/texlive/2015/texmf-dist/tex/context/base/supp-pdf.mkii
[Loading MPS to PDF converter (version 2006.09.02).]
\scratchcounter=\count134
\scratchdimen=\dimen145
\scratchbox=\box32
\nofMPsegments=\count135
\nofMParguments=\count136
\everyMPshowfont=\toks38
\MPscratchCnt=\count137
\MPscratchDim=\dimen146
\MPnumerator=\count138
\makeMPintoPDFobject=\count139
\everyMPtoPDFconversion=\toks39
) (/usr/local/texlive/2015/texmf-dist/tex/latex/oberdiek/epstopdf-base.sty
Package: epstopdf-base 2010/02/09 v2.5 Base part for package epstopdf

(/usr/local/texlive/2015/texmf-dist/tex/latex/oberdiek/grfext.sty
Package: grfext 2010/08/19 v1.1 Manage graphics extensions (HO)
)
Package grfext Info: Graphics extension search list:
(grfext)             [.png,.pdf,.jpg,.mps,.jpeg,.jbig2,.jb2,.PNG,.PDF,.JPG,.JPE
G,.JBIG2,.JB2,.eps]
(grfext)             \AppendGraphicsExtensions on input line 452.

(/usr/local/texlive/2015/texmf-dist/tex/latex/latexconfig/epstopdf-sys.cfg
File: epstopdf-sys.cfg 2010/07/13 v1.3 Configuration of (r)epstopdf for TeX Liv
e
))
Package caption Info: Begin \AtBeginDocument code.
Package caption Info: float package is loaded.
Package caption Info: hyperref package is loaded.
Package caption Info: End \AtBeginDocument code.
\AtBeginShipoutBox=\box33
Package hyperref Info: Link coloring ON on input line 22.

(/usr/local/texlive/2015/texmf-dist/tex/latex/hyperref/nameref.sty
Package: nameref 2012/10/27 v2.43 Cross-referencing by name of section

(/usr/local/texlive/2015/texmf-dist/tex/generic/oberdiek/gettitlestring.sty
Package: gettitlestring 2010/12/03 v1.4 Cleanup title references (HO)
)
\c@section@level=\count140
)
LaTeX Info: Redefining \ref on input line 22.
LaTeX Info: Redefining \pageref on input line 22.
LaTeX Info: Redefining \nameref on input line 22.

(./stvrdoc-zfb_andy_edit.out) (./stvrdoc-zfb_andy_edit.out)
\@outlinefile=\write4
\openout4 = `stvrdoc-zfb_andy_edit.out'.

LaTeX Font Info:    Try loading font information for OMS+ptm on input line 40.

(/usr/local/texlive/2015/texmf-dist/tex/latex/psnfss/omsptm.fd
File: omsptm.fd 
)
LaTeX Font Info:    Font shape `OMS/ptm/m/n' in size <9.5> not available
(Font)              Font shape `OMS/cmsy/m/n' tried instead on input line 40.
LaTeX Font Warning: Font shape `OMS/cmsy/m/n' in size <9.5> not available
(Font)              size <9> substituted on input line 40.
LaTeX Font Info:    Calculating math sizes for size <10.3> on input line 40.
LaTeX Font Warning: Font shape `OT1/cmr/m/n' in size <7.20996> not available
(Font)              size <7> substituted on input line 40.
LaTeX Font Warning: Font shape `OT1/cmr/m/n' in size <5.15> not available
(Font)              size <5> substituted on input line 40.
LaTeX Font Warning: Font shape `OML/cmm/m/it' in size <10.3> not available
(Font)              size <10> substituted on input line 40.
LaTeX Font Warning: Font shape `OML/cmm/m/it' in size <7.20996> not available
(Font)              size <7> substituted on input line 40.
LaTeX Font Warning: Font shape `OML/cmm/m/it' in size <5.15> not available
(Font)              size <5> substituted on input line 40.
LaTeX Font Warning: Font shape `OMS/cmsy/m/n' in size <10.3> not available
(Font)              size <10> substituted on input line 40.
LaTeX Font Warning: Font shape `OMS/cmsy/m/n' in size <7.20996> not available
(Font)              size <7> substituted on input line 40.
LaTeX Font Warning: Font shape `OMS/cmsy/m/n' in size <5.15> not available
(Font)              size <5> substituted on input line 40.
LaTeX Font Info:    Try loading font information for U+lasy on input line 40.

(/usr/local/texlive/2015/texmf-dist/tex/latex/base/ulasy.fd
File: ulasy.fd 1998/08/17 v2.2e LaTeX symbol font definitions
)
LaTeX Font Warning: Font shape `U/lasy/m/n' in size <10.3> not available
(Font)              size <10> substituted on input line 40.
LaTeX Font Warning: Font shape `U/lasy/m/n' in size <7.20996> not available
(Font)              size <7> substituted on input line 40.
LaTeX Font Warning: Font shape `U/lasy/m/n' in size <5.15> not available
(Font)              size <5> substituted on input line 40.
LaTeX Font Info:    Try loading font information for U+msa on input line 40.

(/usr/local/texlive/2015/texmf-dist/tex/latex/amsfonts/umsa.fd
File: umsa.fd 2013/01/14 v3.01 AMS symbols A
)
LaTeX Font Info:    Try loading font information for U+msb on input line 40.

(/usr/local/texlive/2015/texmf-dist/tex/latex/amsfonts/umsb.fd
File: umsb.fd 2013/01/14 v3.01 AMS symbols B
)
LaTeX Font Warning: Font shape `OT1/cmr/bx/n' in size <10.3> not available
(Font)              size <10> substituted on input line 40.
LaTeX Font Warning: Font shape `OT1/cmr/bx/n' in size <7.20996> not available
(Font)              size <7> substituted on input line 40.
LaTeX Font Warning: Font shape `OT1/cmr/bx/n' in size <5.15> not available
(Font)              size <5> substituted on input line 40.
LaTeX Font Warning: Font shape `OML/cmm/b/it' in size <10.3> not available
(Font)              size <10> substituted on input line 40.
LaTeX Font Warning: Font shape `OML/cmm/b/it' in size <7.20996> not available
(Font)              size <7> substituted on input line 40.
LaTeX Font Warning: Font shape `OML/cmm/b/it' in size <5.15> not available
(Font)              size <5> substituted on input line 40.
LaTeX Font Warning: Font shape `OMS/cmsy/b/n' in size <10.3> not available
(Font)              size <10> substituted on input line 40.
LaTeX Font Warning: Font shape `OMS/cmsy/b/n' in size <7.20996> not available
(Font)              size <7> substituted on input line 40.
LaTeX Font Warning: Font shape `OMS/cmsy/b/n' in size <5.15> not available
(Font)              size <5> substituted on input line 40.
LaTeX Font Warning: Font shape `U/lasy/b/n' in size <10.3> not available
(Font)              size <10> substituted on input line 40.
LaTeX Font Info:    Font shape `U/lasy/b/n' in size <7.20996> not available
(Font)              Font shape `U/lasy/m/n' tried instead on input line 40.
LaTeX Font Warning: Font shape `U/lasy/m/n' in size <7.20996> not available
(Font)              size <7> substituted on input line 40.
LaTeX Font Info:    Font shape `U/lasy/b/n' in size <5.15> not available
(Font)              Font shape `U/lasy/m/n' tried instead on input line 40.
LaTeX Font Warning: Font shape `U/lasy/m/n' in size <5.15> not available
(Font)              size <5> substituted on input line 40.
LaTeX Font Info:    Calculating math sizes for size <11.5> on input line 45.
LaTeX Font Warning: Font shape `OT1/cmr/m/n' in size <11.5> not available
(Font)              size <12> substituted on input line 45.
LaTeX Font Warning: Font shape `OT1/cmr/m/n' in size <8.04996> not available
(Font)              size <8> substituted on input line 45.
LaTeX Font Warning: Font shape `OT1/cmr/m/n' in size <5.75> not available
(Font)              size <6> substituted on input line 45.
LaTeX Font Warning: Font shape `OML/cmm/m/it' in size <11.5> not available
(Font)              size <12> substituted on input line 45.
LaTeX Font Warning: Font shape `OML/cmm/m/it' in size <8.04996> not available
(Font)              size <8> substituted on input line 45.
LaTeX Font Warning: Font shape `OML/cmm/m/it' in size <5.75> not available
(Font)              size <6> substituted on input line 45.
LaTeX Font Warning: Font shape `OMS/cmsy/m/n' in size <11.5> not available
(Font)              size <12> substituted on input line 45.
LaTeX Font Warning: Font shape `OMS/cmsy/m/n' in size <8.04996> not available
(Font)              size <8> substituted on input line 45.
LaTeX Font Warning: Font shape `OMS/cmsy/m/n' in size <5.75> not available
(Font)              size <6> substituted on input line 45.
LaTeX Font Warning: Font shape `U/lasy/m/n' in size <11.5> not available
(Font)              size <12> substituted on input line 45.
LaTeX Font Warning: Font shape `U/lasy/m/n' in size <8.04996> not available
(Font)              size <8> substituted on input line 45.
LaTeX Font Warning: Font shape `U/lasy/m/n' in size <5.75> not available
(Font)              size <6> substituted on input line 45.
LaTeX Font Warning: Font shape `OT1/cmr/bx/n' in size <11.5> not available
(Font)              size <12> substituted on input line 45.
LaTeX Font Warning: Font shape `OT1/cmr/bx/n' in size <8.04996> not available
(Font)              size <8> substituted on input line 45.
LaTeX Font Warning: Font shape `OT1/cmr/bx/n' in size <5.75> not available
(Font)              size <6> substituted on input line 45.
LaTeX Font Warning: Font shape `OML/cmm/b/it' in size <11.5> not available
(Font)              size <12> substituted on input line 45.
LaTeX Font Warning: Font shape `OML/cmm/b/it' in size <8.04996> not available
(Font)              size <8> substituted on input line 45.
LaTeX Font Warning: Font shape `OML/cmm/b/it' in size <5.75> not available
(Font)              size <6> substituted on input line 45.
LaTeX Font Warning: Font shape `OMS/cmsy/b/n' in size <11.5> not available
(Font)              size <12> substituted on input line 45.
LaTeX Font Warning: Font shape `OMS/cmsy/b/n' in size <8.04996> not available
(Font)              size <8> substituted on input line 45.
LaTeX Font Warning: Font shape `OMS/cmsy/b/n' in size <5.75> not available
(Font)              size <6> substituted on input line 45.
LaTeX Font Warning: Font shape `U/lasy/b/n' in size <11.5> not available
(Font)              size <12> substituted on input line 45.
LaTeX Font Info:    Font shape `U/lasy/b/n' in size <8.04996> not available
(Font)              Font shape `U/lasy/m/n' tried instead on input line 45.
LaTeX Font Warning: Font shape `U/lasy/m/n' in size <8.04996> not available
(Font)              size <8> substituted on input line 45.
LaTeX Font Info:    Font shape `U/lasy/b/n' in size <5.75> not available
(Font)              Font shape `U/lasy/m/n' tried instead on input line 45.
LaTeX Font Warning: Font shape `U/lasy/m/n' in size <5.75> not available
(Font)              size <6> substituted on input line 45.
LaTeX Font Info:    Font shape `OMS/ptm/m/n' in size <8.04996> not available
(Font)              Font shape `OMS/cmsy/m/n' tried instead on input line 45.
LaTeX Font Warning: Font shape `OMS/cmsy/m/n' in size <8.04996> not available
(Font)              size <8> substituted on input line 45.
LaTeX Font Info:    Calculating math sizes for size <8.5> on input line 45.
LaTeX Font Warning: Font shape `OT1/cmr/m/n' in size <8.5> not available
(Font)              size <8> substituted on input line 45.
LaTeX Font Warning: Font shape `OT1/cmr/m/n' in size <5.94997> not available
(Font)              size <6> substituted on input line 45.
LaTeX Font Warning: Font shape `OT1/cmr/m/n' in size <4.25> not available
(Font)              size <5> substituted on input line 45.
LaTeX Font Warning: Font shape `OML/cmm/m/it' in size <8.5> not available
(Font)              size <8> substituted on input line 45.
LaTeX Font Warning: Font shape `OML/cmm/m/it' in size <5.94997> not available
(Font)              size <6> substituted on input line 45.
LaTeX Font Warning: Font shape `OML/cmm/m/it' in size <4.25> not available
(Font)              size <5> substituted on input line 45.
LaTeX Font Warning: Font shape `OMS/cmsy/m/n' in size <8.5> not available
(Font)              size <8> substituted on input line 45.
LaTeX Font Warning: Font shape `OMS/cmsy/m/n' in size <5.94997> not available
(Font)              size <6> substituted on input line 45.
LaTeX Font Warning: Font shape `OMS/cmsy/m/n' in size <4.25> not available
(Font)              size <5> substituted on input line 45.
LaTeX Font Warning: Font shape `U/lasy/m/n' in size <8.5> not available
(Font)              size <8> substituted on input line 45.
LaTeX Font Warning: Font shape `U/lasy/m/n' in size <5.94997> not available
(Font)              size <6> substituted on input line 45.
LaTeX Font Warning: Font shape `U/lasy/m/n' in size <4.25> not available
(Font)              size <5> substituted on input line 45.
LaTeX Font Warning: Font shape `OT1/cmr/bx/n' in size <8.5> not available
(Font)              size <8> substituted on input line 45.
LaTeX Font Warning: Font shape `OT1/cmr/bx/n' in size <5.94997> not available
(Font)              size <6> substituted on input line 45.
LaTeX Font Warning: Font shape `OT1/cmr/bx/n' in size <4.25> not available
(Font)              size <5> substituted on input line 45.
LaTeX Font Warning: Font shape `OML/cmm/b/it' in size <8.5> not available
(Font)              size <8> substituted on input line 45.
LaTeX Font Warning: Font shape `OML/cmm/b/it' in size <5.94997> not available
(Font)              size <6> substituted on input line 45.
LaTeX Font Warning: Font shape `OML/cmm/b/it' in size <4.25> not available
(Font)              size <5> substituted on input line 45.
LaTeX Font Warning: Font shape `OMS/cmsy/b/n' in size <8.5> not available
(Font)              size <8> substituted on input line 45.
LaTeX Font Warning: Font shape `OMS/cmsy/b/n' in size <5.94997> not available
(Font)              size <6> substituted on input line 45.
LaTeX Font Warning: Font shape `OMS/cmsy/b/n' in size <4.25> not available
(Font)              size <5> substituted on input line 45.
LaTeX Font Info:    Font shape `U/lasy/b/n' in size <8.5> not available
(Font)              Font shape `U/lasy/m/n' tried instead on input line 45.
LaTeX Font Warning: Font shape `U/lasy/m/n' in size <8.5> not available
(Font)              size <8> substituted on input line 45.
LaTeX Font Info:    Font shape `U/lasy/b/n' in size <5.94997> not available
(Font)              Font shape `U/lasy/m/n' tried instead on input line 45.
LaTeX Font Warning: Font shape `U/lasy/m/n' in size <5.94997> not available
(Font)              size <6> substituted on input line 45.
LaTeX Font Info:    Font shape `U/lasy/b/n' in size <4.25> not available
(Font)              Font shape `U/lasy/m/n' tried instead on input line 45.
LaTeX Font Warning: Font shape `U/lasy/m/n' in size <4.25> not available
(Font)              size <5> substituted on input line 45.
Missing character: There is no ‚ in font ptmr7t!
Missing character: There is no Ä in font ptmr7t!
Missing character: There is no ì in font ptmr7t!
LaTeX Font Info:    Font shape `OT1/ptm/bx/n' in size <8.5> not available
(Font)              Font shape `OT1/ptm/b/n' tried instead on input line 60.
LaTeX Font Info:    Font shape `OMS/ptm/m/n' in size <8.5> not available
(Font)              Font shape `OMS/cmsy/m/n' tried instead on input line 60.
LaTeX Font Warning: Font shape `OMS/cmsy/m/n' in size <8.5> not available
(Font)              size <8> substituted on input line 60.
LaTeX Font Info:    Try loading font information for OT1+phv on input line 60.

(/usr/local/texlive/2015/texmf-dist/tex/latex/psnfss/ot1phv.fd
File: ot1phv.fd 2001/06/04 scalable font definitions for OT1/phv.
)
LaTeX Font Info:    Font shape `OT1/phv/m/it' in size <8.5> not available
(Font)              Font shape `OT1/phv/m/sl' tried instead on input line 60.
 [1{/usr/local/texlive/2015/texmf-var/fonts/map/pdftex/updmap/pdftex.map}


Non-PDF special ignored!]
LaTeX Font Info:    Font shape `OMS/ptm/m/n' in size <10.3> not available
(Font)              Font shape `OMS/cmsy/m/n' tried instead on input line 70.
LaTeX Font Warning: Font shape `OMS/cmsy/m/n' in size <10.3> not available
(Font)              size <10> substituted on input line 70.
 [2]
<MotivatingExample.pdf, id=183, 1250.6725pt x 684.5575pt>
File: MotivatingExample.pdf Graphic file (type pdf)

<use MotivatingExample.pdf>
Package pdftex.def Info: MotivatingExample.pdf used on input line 94.
(pdftex.def)             Requested size: 326.40125pt x 178.64926pt.
 [3 <./MotivatingExample.pdf>]
<CausalDAG1.pdf, id=201, 289.08pt x 166.6225pt>
File: CausalDAG1.pdf Graphic file (type pdf)
 <use CausalDAG1.pdf>
Package pdftex.def Info: CausalDAG1.pdf used on input line 119.
(pdftex.def)             Requested size: 204.0pt x 117.58328pt.
 [4 <./CausalDAG1.pdf>] <CausalDAG2.pdf, id=219, 289.08pt x 166.6225pt>
File: CausalDAG2.pdf Graphic file (type pdf)

<use CausalDAG2.pdf>
Package pdftex.def Info: CausalDAG2.pdf used on input line 134.
(pdftex.def)             Requested size: 204.0pt x 117.58328pt.
 [5 <./CausalDAG2.pdf>]
Missing character: There is no Ã in font ptmr7t!
Missing character: There is no Ç in font ptmr7t!
Missing character: There is no Ã in font ptmr7t!
Missing character: There is no Ç in font ptmr7t!
 [6]
Overfull \hbox (21.65877pt too wide) in paragraph at lines 175--190
 [][] 
 []

[7] [8] [9]
LaTeX Font Info:    Font shape `OT1/ptm/bx/it' in size <10.3> not available
(Font)              Font shape `OT1/ptm/b/it' tried instead on input line 258.

Underfull \hbox (badness 10000) in paragraph at lines 255--262

 []


Underfull \hbox (badness 10000) in paragraph at lines 255--262

 []

Missing character: There is no ‚ in font ptmr7t!
Missing character: There is no Ä in font ptmr7t!
Missing character: There is no ô in font ptmr7t!
Missing character: There is no Ã in font ptmr7t!
Missing character: There is no Ç in font ptmr7t!

Underfull \hbox (badness 10000) in paragraph at lines 271--277

 []


Underfull \hbox (badness 10000) in paragraph at lines 271--277

 []

[10] <DRF_curves.pdf, id=306, 433.62pt x 216.81pt>
File: DRF_curves.pdf Graphic file (type pdf)
 <use DRF_curves.pdf>
Package pdftex.def Info: DRF_curves.pdf used on input line 280.
(pdftex.def)             Requested size: 285.59875pt x 142.80722pt.
Missing character: There is no Ã in font ptmr7t!
Missing character: There is no Ç in font ptmr7t!
Missing character: There is no Ã in font cmr10!
Missing character: There is no Ç in font cmr10!
Missing character: There is no Ã in font ptmr7t!
Missing character: There is no Ç in font ptmr7t!
Missing character: There is no Ã in font ptmr7t!
Missing character: There is no Ç in font ptmr7t!
LaTeX Font Info:    Font shape `OT1/ptm/bx/n' in size <10.3> not available
(Font)              Font shape `OT1/ptm/b/n' tried instead on input line 303.
Missing character: There is no ‚ in font cmr10!
Missing character: There is no Å in font cmr10!
Missing character: There is no ° in font cmr10!
Missing character: There is no ‚ in font cmr10!
Missing character: There is no î in font cmr10!
Missing character: There is no § in font cmr10!
Missing character: There is no Ã in font ptmr7t!
Missing character: There is no Ç in font ptmr7t!
Missing character: There is no Ã in font ptmr7t!
Missing character: There is no Ç in font ptmr7t!
Missing character: There is no ‚ in font cmr10!
Missing character: There is no Å in font cmr10!
Missing character: There is no ° in font cmr10!

[11 <./DRF_curves.pdf>] [12]
Overfull \hbox (11.35878pt too wide) in paragraph at lines 374--385
 [][] 
 []

[13]
LaTeX Font Info:    Calculating math sizes for size <9.5> on input line 403.
LaTeX Font Warning: Font shape `OT1/cmr/m/n' in size <9.5> not available
(Font)              size <9> substituted on input line 403.
LaTeX Font Warning: Font shape `OT1/cmr/m/n' in size <6.64996> not available
(Font)              size <7> substituted on input line 403.
LaTeX Font Warning: Font shape `OT1/cmr/m/n' in size <4.75> not available
(Font)              size <5> substituted on input line 403.
LaTeX Font Warning: Font shape `OML/cmm/m/it' in size <9.5> not available
(Font)              size <9> substituted on input line 403.
LaTeX Font Warning: Font shape `OML/cmm/m/it' in size <6.64996> not available
(Font)              size <7> substituted on input line 403.
LaTeX Font Warning: Font shape `OML/cmm/m/it' in size <4.75> not available
(Font)              size <5> substituted on input line 403.
LaTeX Font Warning: Font shape `OMS/cmsy/m/n' in size <9.5> not available
(Font)              size <9> substituted on input line 403.
LaTeX Font Warning: Font shape `OMS/cmsy/m/n' in size <6.64996> not available
(Font)              size <7> substituted on input line 403.
LaTeX Font Warning: Font shape `OMS/cmsy/m/n' in size <4.75> not available
(Font)              size <5> substituted on input line 403.
LaTeX Font Warning: Font shape `U/lasy/m/n' in size <9.5> not available
(Font)              size <9> substituted on input line 403.
LaTeX Font Warning: Font shape `U/lasy/m/n' in size <6.64996> not available
(Font)              size <7> substituted on input line 403.
LaTeX Font Warning: Font shape `U/lasy/m/n' in size <4.75> not available
(Font)              size <5> substituted on input line 403.
LaTeX Font Warning: Font shape `OT1/cmr/bx/n' in size <9.5> not available
(Font)              size <9> substituted on input line 403.
LaTeX Font Warning: Font shape `OT1/cmr/bx/n' in size <6.64996> not available
(Font)              size <7> substituted on input line 403.
LaTeX Font Warning: Font shape `OT1/cmr/bx/n' in size <4.75> not available
(Font)              size <5> substituted on input line 403.
LaTeX Font Warning: Font shape `OML/cmm/b/it' in size <9.5> not available
(Font)              size <9> substituted on input line 403.
LaTeX Font Warning: Font shape `OML/cmm/b/it' in size <6.64996> not available
(Font)              size <7> substituted on input line 403.
LaTeX Font Warning: Font shape `OML/cmm/b/it' in size <4.75> not available
(Font)              size <5> substituted on input line 403.
LaTeX Font Warning: Font shape `OMS/cmsy/b/n' in size <9.5> not available
(Font)              size <9> substituted on input line 403.
LaTeX Font Warning: Font shape `OMS/cmsy/b/n' in size <6.64996> not available
(Font)              size <7> substituted on input line 403.
LaTeX Font Warning: Font shape `OMS/cmsy/b/n' in size <4.75> not available
(Font)              size <5> substituted on input line 403.
LaTeX Font Info:    Font shape `U/lasy/b/n' in size <9.5> not available
(Font)              Font shape `U/lasy/m/n' tried instead on input line 403.
LaTeX Font Warning: Font shape `U/lasy/m/n' in size <9.5> not available
(Font)              size <9> substituted on input line 403.
LaTeX Font Info:    Font shape `U/lasy/b/n' in size <6.64996> not available
(Font)              Font shape `U/lasy/m/n' tried instead on input line 403.
LaTeX Font Warning: Font shape `U/lasy/m/n' in size <6.64996> not available
(Font)              size <7> substituted on input line 403.
LaTeX Font Info:    Font shape `U/lasy/b/n' in size <4.75> not available
(Font)              Font shape `U/lasy/m/n' tried instead on input line 403.
LaTeX Font Warning: Font shape `U/lasy/m/n' in size <4.75> not available
(Font)              size <5> substituted on input line 403.
 [14] [15] [16]
LaTeX Font Info:    Font shape `U/lasy/b/n' in size <7> not available
(Font)              Font shape `U/lasy/m/n' tried instead on input line 542.
LaTeX Font Info:    Font shape `U/lasy/b/n' in size <5> not available
(Font)              Font shape `U/lasy/m/n' tried instead on input line 542.
LaTeX Font Info:    Font shape `OT1/ptm/bx/n' in size <7> not available
(Font)              Font shape `OT1/ptm/b/n' tried instead on input line 544.

Overfull \hbox (10.45888pt too wide) in paragraph at lines 542--564
 [][] 
 []

[17] <QRM_VS_Base.pdf, id=409, 433.62pt x 216.81pt>
File: QRM_VS_Base.pdf Graphic file (type pdf)
 <use QRM_VS_Base.pdf>
Package pdftex.def Info: QRM_VS_Base.pdf used on input line 584.
(pdftex.def)             Requested size: 645.0pt x 322.54112pt.
Missing character: There is no ‚ in font cmr10!
Missing character: There is no Å in font cmr10!
Missing character: There is no ° in font cmr10!

[18] [19 <./QRM_VS_Base.pdf>]
<QRM_allFail.pdf, id=427, 1170.3725pt x 799.98875pt>
File: QRM_allFail.pdf Graphic file (type pdf)
 <use QRM_allFail.pdf>
Package pdftex.def Info: QRM_allFail.pdf used on input line 624.
(pdftex.def)             Requested size: 244.80249pt x 167.33122pt.

[20 <./QRM_allFail.pdf>]
LaTeX Font Info:    Font shape `U/lasy/b/n' in size <8> not available
(Font)              Font shape `U/lasy/m/n' tried instead on input line 638.
LaTeX Font Info:    Font shape `U/lasy/b/n' in size <6> not available
(Font)              Font shape `U/lasy/m/n' tried instead on input line 638.
LaTeX Font Info:    Font shape `OT1/ptm/bx/n' in size <8> not available
(Font)              Font shape `OT1/ptm/b/n' tried instead on input line 640.

<QRM_VS_Base_MultipleFault.pdf, id=445, 433.62pt x 216.81pt>
File: QRM_VS_Base_MultipleFault.pdf Graphic file (type pdf)

<use QRM_VS_Base_MultipleFault.pdf>
Package pdftex.def Info: QRM_VS_Base_MultipleFault.pdf used on input line 654.
(pdftex.def)             Requested size: 408.0pt x 204.00984pt.
 [21]
Underfull \vbox (badness 10000) has occurred while \output is active []

 [22 <./QRM_VS_Base_MultipleFault.pdf>]
<CBPS_VS_GPS.pdf, id=467, 1170.3725pt x 799.98875pt>
File: CBPS_VS_GPS.pdf Graphic file (type pdf)
 <use CBPS_VS_GPS.pdf>
Package pdftex.def Info: CBPS_VS_GPS.pdf used on input line 713.
(pdftex.def)             Requested size: 408.0pt x 278.87723pt.

<CBPS_VS_GPS_MultipleFault.pdf, id=468, 1170.3725pt x 799.98875pt>
File: CBPS_VS_GPS_MultipleFault.pdf Graphic file (type pdf)

<use CBPS_VS_GPS_MultipleFault.pdf>
Package pdftex.def Info: CBPS_VS_GPS_MultipleFault.pdf used on input line 720.
(pdftex.def)             Requested size: 408.0pt x 278.87723pt.
 [23 <./CBPS_VS_GPS.pdf>] [24 <./CBPS_VS_GPS_MultipleFault.pdf>] [25] [26]
Underfull \hbox (badness 10000) in paragraph at lines 885--885

 []


Overfull \hbox (5.43877pt too wide) in paragraph at lines 887--888
[]\OT1/ptm/m/n/8.5 Vuik K. \OT1/ptm/m/it/8.5 Some dis-as-ters caused by numer-i
-cal errors\OT1/ptm/m/n/8.5 . Web-site at: http://ta.twi.tudelft.nl/users/vuik/
wi211/disasters.html. 
 []

[27]
Missing character: There is no ‚ in font ptmri7t!
Missing character: There is no Ä in font ptmri7t!
Missing character: There is no ò in font ptmri7t!
Missing character: There is no ‚ in font ptmri7t!
Missing character: There is no Ä in font ptmri7t!
Missing character: There is no ô in font ptmri7t!

Underfull \vbox (badness 10000) has occurred while \output is active []

 [28]
Missing character: There is no È in font ptmr7t!
Package atveryend Info: Empty hook `BeforeClearDocument' on input line 1001.

[29pdfTeX warning (ext4): destination with the same identifier (name{cite.Abreu
2009}) has been already used, duplicate ignored

\AtBegShi@Output ...ipout \box \AtBeginShipoutBox 
                                                  \fi \fi 
l.1001 \end{document}
                     ]
Package atveryend Info: Empty hook `AfterLastShipout' on input line 1001.
 (./stvrdoc-zfb_andy_edit.aux)
Package atveryend Info: Executing hook `AtVeryEndDocument' on input line 1001.
Package atveryend Info: Executing hook `AtEndAfterFileList' on input line 1001.

Package rerunfilecheck Info: File `stvrdoc-zfb_andy_edit.out' has not changed.
(rerunfilecheck)             Checksum: 769947D217FD63A7001E0FFD1E9B71F5;2238.
LaTeX Font Warning: Size substitutions with differences
(Font)              up to 0.75pt have occurred.


LaTeX Warning: There were multiply-defined labels.

Package atveryend Info: Empty hook `AtVeryVeryEnd' on input line 1001.
 ) 
Here is how much of TeX's memory you used:
 9395 strings out of 493089
 137425 string characters out of 6134842
 244538 words of memory out of 5000000
 12509 multiletter control sequences out of 15000+600000
 52610 words of font info for 140 fonts, out of 8000000 for 9000
 1142 hyphenation exceptions out of 8191
 43i,14n,40p,2322b,454s stack positions out of 5000i,500n,10000p,200000b,80000s
{/usr/local/texlive/2015/texmf-dist/fonts/enc/dvips/base/8r.enc}</usr/local/t
exlive/2015/texmf-dist/fonts/type1/public/amsfonts/cm/cmex10.pfb></usr/local/te
xlive/2015/texmf-dist/fonts/type1/public/amsfonts/cm/cmmi10.pfb></usr/local/tex
live/2015/texmf-dist/fonts/type1/public/amsfonts/cm/cmmi5.pfb></usr/local/texli
ve/2015/texmf-dist/fonts/type1/public/amsfonts/cm/cmmi7.pfb></usr/local/texlive
/2015/texmf-dist/fonts/type1/public/amsfonts/cm/cmmi9.pfb></usr/local/texlive/2
015/texmf-dist/fonts/type1/public/amsfonts/cm/cmr10.pfb></usr/local/texlive/201
5/texmf-dist/fonts/type1/public/amsfonts/cm/cmr5.pfb></usr/local/texlive/2015/t
exmf-dist/fonts/type1/public/amsfonts/cm/cmr7.pfb></usr/local/texlive/2015/texm
f-dist/fonts/type1/public/amsfonts/cm/cmsy10.pfb></usr/local/texlive/2015/texmf
-dist/fonts/type1/public/amsfonts/cm/cmsy6.pfb></usr/local/texlive/2015/texmf-d
ist/fonts/type1/public/amsfonts/cm/cmsy7.pfb></usr/local/texlive/2015/texmf-dis
t/fonts/type1/public/amsfonts/cm/cmsy8.pfb></usr/local/texlive/2015/texmf-dist/
fonts/type1/public/amsfonts/cm/cmsy9.pfb></usr/local/texlive/2015/texmf-dist/fo
nts/type1/urw/helvetic/uhvro8a.pfb></usr/local/texlive/2015/texmf-dist/fonts/ty
pe1/urw/times/utmb8a.pfb></usr/local/texlive/2015/texmf-dist/fonts/type1/urw/ti
mes/utmbi8a.pfb></usr/local/texlive/2015/texmf-dist/fonts/type1/urw/times/utmr8
a.pfb></usr/local/texlive/2015/texmf-dist/fonts/type1/urw/times/utmri8a.pfb>
Output written on stvrdoc-zfb_andy_edit.pdf (29 pages, 1892678 bytes).
PDF statistics:
 653 PDF objects out of 1000 (max. 8388607)
 580 compressed objects within 6 object streams
 158 named destinations out of 1000 (max. 500000)
 278 words of extra memory for PDF output out of 10000 (max. 10000000)

