This is pdfTeX, Version 3.14159265-2.6-1.40.16 (MiKTeX 2.9 64-bit) (preloaded format=latex 2015.9.23)  25 SEP 2015 15:58
entering extended mode
**stvrdoc-zfb.tex
(stvrdoc-zfb.tex
LaTeX2e <2015/01/01> patch level 2
Babel <3.9m> and hyphenation patterns for 69 languages loaded.
(stvrauth.cls
Document Class: stvrauth 2010/05/13 v2.00\ stvrauth.cls
("C:\Program Files\MiKTeX 2.9\tex\latex\base\article.cls"
Document Class: article 2014/09/29 v1.4h Standard LaTeX document class
("C:\Program Files\MiKTeX 2.9\tex\latex\base\size10.clo"
File: size10.clo 2014/09/29 v1.4h Standard LaTeX file (size option)
)
\c@part=\count79
\c@section=\count80
\c@subsection=\count81
\c@subsubsection=\count82
\c@paragraph=\count83
\c@subparagraph=\count84
\c@figure=\count85
\c@table=\count86
\abovecaptionskip=\skip41
\belowcaptionskip=\skip42
\bibindent=\dimen102
)
("C:\Program Files\MiKTeX 2.9\tex\latex\psnfss\times.sty"
Package: times 2005/04/12 PSNFSS-v9.2a (SPQR) 
)
("C:\Program Files\MiKTeX 2.9\tex\latex\graphics\graphicx.sty"
Package: graphicx 2014/10/28 v1.0g Enhanced LaTeX Graphics (DPC,SPQR)

("C:\Program Files\MiKTeX 2.9\tex\latex\graphics\keyval.sty"
Package: keyval 2014/10/28 v1.15 key=value parser (DPC)
\KV@toks@=\toks14
)
("C:\Program Files\MiKTeX 2.9\tex\latex\graphics\graphics.sty"
Package: graphics 2014/10/28 v1.0p Standard LaTeX Graphics (DPC,SPQR)

("C:\Program Files\MiKTeX 2.9\tex\latex\graphics\trig.sty"
Package: trig 1999/03/16 v1.09 sin cos tan (DPC)
)
("C:\Program Files\MiKTeX 2.9\tex\latex\00miktex\graphics.cfg"
File: graphics.cfg 2007/01/18 v1.5 graphics configuration of teTeX/TeXLive
)
Package graphics Info: Driver file: dvips.def on input line 94.

("C:\Program Files\MiKTeX 2.9\tex\latex\graphics\dvips.def"
File: dvips.def 2014/10/14 v3.0j Driver-dependent file (DPC,SPQR)
))
\Gin@req@height=\dimen103
\Gin@req@width=\dimen104
)
("C:\Program Files\MiKTeX 2.9\tex\latex\psnfss\pifont.sty"
Package: pifont 2005/04/12 PSNFSS-v9.2a Pi font support (SPQR) 
LaTeX Font Info:    Try loading font information for U+pzd on input line 63.

("C:\Program Files\MiKTeX 2.9\tex\latex\psnfss\upzd.fd"
File: upzd.fd 2001/06/04 font definitions for U/pzd.
)
LaTeX Font Info:    Try loading font information for U+psy on input line 64.

("C:\Program Files\MiKTeX 2.9\tex\latex\psnfss\upsy.fd"
File: upsy.fd 2001/06/04 font definitions for U/psy.
))
("C:\Program Files\MiKTeX 2.9\tex\latex\base\latexsym.sty"
Package: latexsym 1998/08/17 v2.2e Standard LaTeX package (lasy symbols)
\symlasy=\mathgroup4
LaTeX Font Info:    Overwriting symbol font `lasy' in version `bold'
(Font)                  U/lasy/m/n --> U/lasy/b/n on input line 52.
)
("C:\Program Files\MiKTeX 2.9\tex\latex\base\ifthen.sty"
Package: ifthen 2014/09/29 v1.1c Standard LaTeX ifthen package (DPC)
)
("C:\Program Files\MiKTeX 2.9\tex\latex\rotating\rotating.sty"
Package: rotating 2009/03/28 v2.16a rotated objects in LaTeX
\c@r@tfl@t=\count87
\rotFPtop=\skip43
\rotFPbot=\skip44
\rot@float@box=\box26
\rot@mess@toks=\toks15
)
("C:\Program Files\MiKTeX 2.9\tex\latex\tools\calc.sty"
Package: calc 2014/10/28 v4.3 Infix arithmetic (KKT,FJ)
\calc@Acount=\count88
\calc@Bcount=\count89
\calc@Adimen=\dimen105
\calc@Bdimen=\dimen106
\calc@Askip=\skip45
\calc@Bskip=\skip46
LaTeX Info: Redefining \setlength on input line 80.
LaTeX Info: Redefining \addtolength on input line 81.
\calc@Ccount=\count90
\calc@Cskip=\skip47
) (textcase.sty
Package: textcase 1998/11/12 v0.06 Text only upper/lower case changing (DPC)
)
("C:\Program Files\MiKTeX 2.9\tex\latex\booktabs\booktabs.sty"
Package: booktabs 2005/04/14 v1.61803 publication quality tables
\heavyrulewidth=\dimen107
\lightrulewidth=\dimen108
\cmidrulewidth=\dimen109
\belowrulesep=\dimen110
\belowbottomsep=\dimen111
\aboverulesep=\dimen112
\abovetopsep=\dimen113
\cmidrulesep=\dimen114
\cmidrulekern=\dimen115
\defaultaddspace=\dimen116
\@cmidla=\count91
\@cmidlb=\count92
\@aboverulesep=\dimen117
\@belowrulesep=\dimen118
\@thisruleclass=\count93
\@lastruleclass=\count94
\@thisrulewidth=\dimen119
)
("C:\Program Files\MiKTeX 2.9\tex\latex\graphics\color.sty"
Package: color 2014/10/28 v1.1a Standard LaTeX Color (DPC)

("C:\Program Files\MiKTeX 2.9\tex\latex\00miktex\color.cfg"
File: color.cfg 2007/01/18 v1.5 color configuration of teTeX/TeXLive
)
Package color Info: Driver file: dvips.def on input line 142.

("C:\Program Files\MiKTeX 2.9\tex\latex\graphics\dvipsnam.def"
File: dvipsnam.def 2014/10/14 v3.0j Driver-dependent file (DPC,SPQR)
))
("C:\Program Files\MiKTeX 2.9\tex\latex\amsfonts\amsfonts.sty"
Package: amsfonts 2013/01/14 v3.01 Basic AMSFonts support
\@emptytoks=\toks16
\symAMSa=\mathgroup5
\symAMSb=\mathgroup6
LaTeX Font Info:    Overwriting math alphabet `\mathfrak' in version `bold'
(Font)                  U/euf/m/n --> U/euf/b/n on input line 106.
)
("C:\Program Files\MiKTeX 2.9\tex\latex\amsfonts\amssymb.sty"
Package: amssymb 2013/01/14 v3.01 AMS font symbols
)
("C:\Program Files\MiKTeX 2.9\tex\latex\amsmath\amsbsy.sty"
Package: amsbsy 1999/11/29 v1.2d

("C:\Program Files\MiKTeX 2.9\tex\latex\amsmath\amsgen.sty"
File: amsgen.sty 1999/11/30 v2.0
\@emptytoks=\toks17
\ex@=\dimen120
)
\pmbraise@=\dimen121
)
("C:\Program Files\MiKTeX 2.9\tex\latex\amsmath\amsmath.sty"
Package: amsmath 2013/01/14 v2.14 AMS math features
\@mathmargin=\skip48

For additional information on amsmath, use the `?' option.
("C:\Program Files\MiKTeX 2.9\tex\latex\amsmath\amstext.sty"
Package: amstext 2000/06/29 v2.01
)
("C:\Program Files\MiKTeX 2.9\tex\latex\amsmath\amsopn.sty"
Package: amsopn 1999/12/14 v2.01 operator names
)
\inf@bad=\count95
LaTeX Info: Redefining \frac on input line 210.
\uproot@=\count96
\leftroot@=\count97
LaTeX Info: Redefining \overline on input line 306.
\classnum@=\count98
\DOTSCASE@=\count99
LaTeX Info: Redefining \ldots on input line 378.
LaTeX Info: Redefining \dots on input line 381.
LaTeX Info: Redefining \cdots on input line 466.
\Mathstrutbox@=\box27
\strutbox@=\box28
\big@size=\dimen122
LaTeX Font Info:    Redeclaring font encoding OML on input line 566.
LaTeX Font Info:    Redeclaring font encoding OMS on input line 567.
\macc@depth=\count100
\c@MaxMatrixCols=\count101
\dotsspace@=\muskip10
\c@parentequation=\count102
\dspbrk@lvl=\count103
\tag@help=\toks18
\row@=\count104
\column@=\count105
\maxfields@=\count106
\andhelp@=\toks19
\eqnshift@=\dimen123
\alignsep@=\dimen124
\tagshift@=\dimen125
\tagwidth@=\dimen126
\totwidth@=\dimen127
\lineht@=\dimen128
\@envbody=\toks20
\multlinegap=\skip49
\multlinetaggap=\skip50
\mathdisplay@stack=\toks21
LaTeX Info: Redefining \[ on input line 2665.
LaTeX Info: Redefining \] on input line 2666.
)
("C:\Program Files\MiKTeX 2.9\tex\latex\amscls\amsthm.sty"
Package: amsthm 2015/03/04 v2.20.2
\thm@style=\toks22
\thm@bodyfont=\toks23
\thm@headfont=\toks24
\thm@notefont=\toks25
\thm@headpunct=\toks26
\thm@preskip=\skip51
\thm@postskip=\skip52
\thm@headsep=\skip53
\dth@everypar=\toks27
)
("C:\Program Files\MiKTeX 2.9\tex\latex\base\tracefnt.sty"
Package: tracefnt 2015/02/21 v3.0k Standard LaTeX package (font tracing)
\tracingfonts=\count107
LaTeX Info: Redefining \selectfont on input line 106.
)
\absbox=\box29
\@bls=\dimen129

("C:\Program Files\MiKTeX 2.9\tex\latex\caption\caption.sty"
Package: caption 2015/09/17 v3.3-111 Customizing captions (AR)

("C:\Program Files\MiKTeX 2.9\tex\latex\caption\caption3.sty"
Package: caption3 2015/09/17 v1.7-111 caption3 kernel (AR)
Package caption3 Info: TeX engine: e-TeX on input line 57.
\captionmargin=\dimen130
\captionmargin@=\dimen131
\captionwidth=\dimen132
\caption@tempdima=\dimen133
\caption@indent=\dimen134
\caption@parindent=\dimen135
\caption@hangindent=\dimen136
)
\c@ContinuedFloat=\count108
Package caption Info: rotating package is loaded.
)
LaTeX Font Warning: Font shape `OT1/cmr/m/n' in size <10.3> not available
(Font)              size <10> substituted on input line 380.
) (moreverb.sty
Package: moreverb 1994/12/13 v2.0 LaTeX2e package for `more' verbatim enhanceme
nts

Package: `moreverb' v2.0 <1994/12/13> (RF, after AJCD and RmS)
("C:\Program Files\MiKTeX 2.9\tex\latex\tools\verbatim.sty"
Package: verbatim 2014/10/28 v1.5q LaTeX2e package for verbatim enhancements
\every@verbatim=\toks28
\verbatim@line=\toks29
\verbatim@in@stream=\read1
)
\verbatim@out=\write3
\tab@position=\count109
\tab@size=\count110
\verbatimtabsize=\count111
\listing@line=\count112
\listing@step=\count113
\verbtab@in=\read2
)
("C:\Program Files\MiKTeX 2.9\tex\latex\multirow\multirow.sty"
\bigstrutjot=\dimen137
)
("C:\Program Files\MiKTeX 2.9\tex\latex\tools\bm.sty"
Package: bm 2014/10/28 v1.1c Bold Symbol Support (DPC/FMi)
\symboldoperators=\mathgroup7
\symboldletters=\mathgroup8
\symboldsymbols=\mathgroup9
\symboldlasy=\mathgroup10
LaTeX Font Info:    Redeclaring math alphabet \mathbf on input line 141.
LaTeX Info: Redefining \bm on input line 207.
)
("C:\Program Files\MiKTeX 2.9\tex\latex\algorithms\algorithm.sty"
Package: algorithm 2009/08/24 v0.1 Document Style `algorithm' - floating enviro
nment

("C:\Program Files\MiKTeX 2.9\tex\latex\float\float.sty"
Package: float 2001/11/08 v1.3d Float enhancements (AL)
\c@float@type=\count114
\float@exts=\toks30
\float@box=\box30
\@float@everytoks=\toks31
\@floatcapt=\box31
)
\@float@every@algorithm=\toks32
\c@algorithm=\count115
) (algpseudocode.sty
Package: algpseudocode 

(algorithmicx.sty
Package: algorithmicx 2005/04/27 v1.2 Algorithmicx

Document Style algorithmicx 1.2 - a greatly improved `algorithmic' style
\c@ALG@line=\count116
\c@ALG@rem=\count117
\c@ALG@nested=\count118
\ALG@tlm=\skip54
\ALG@thistlm=\skip55
\c@ALG@Lnr=\count119
\c@ALG@blocknr=\count120
\c@ALG@storecount=\count121
\c@ALG@tmpcounter=\count122
\ALG@tmplength=\skip56
)
Document Style - pseudocode environments for use with the `algorithmicx' style
) ("C:\Program Files\MiKTeX 2.9\tex\latex\hyperref\hyperref.sty"
Package: hyperref 2012/11/06 v6.83m Hypertext links for LaTeX

("C:\Program Files\MiKTeX 2.9\tex\generic\oberdiek\hobsub-hyperref.sty"
Package: hobsub-hyperref 2012/04/25 v1.12 Bundle oberdiek, subset hyperref (HO)


("C:\Program Files\MiKTeX 2.9\tex\generic\oberdiek\hobsub-generic.sty"
Package: hobsub-generic 2012/04/25 v1.12 Bundle oberdiek, subset generic (HO)
Package: hobsub 2012/04/25 v1.12 Construct package bundles (HO)
Package: infwarerr 2010/04/08 v1.3 Providing info/warning/error messages (HO)
Package: ltxcmds 2011/11/09 v1.22 LaTeX kernel commands for general use (HO)
Package: ifluatex 2010/03/01 v1.3 Provides the ifluatex switch (HO)
Package ifluatex Info: LuaTeX not detected.
Package: ifvtex 2010/03/01 v1.5 Detect VTeX and its facilities (HO)
Package ifvtex Info: VTeX not detected.
Package: intcalc 2007/09/27 v1.1 Expandable calculations with integers (HO)
Package: ifpdf 2011/01/30 v2.3 Provides the ifpdf switch (HO)
Package ifpdf Info: pdfTeX in PDF mode is not detected.
Package: etexcmds 2011/02/16 v1.5 Avoid name clashes with e-TeX commands (HO)
Package etexcmds Info: Could not find \expanded.
(etexcmds)             That can mean that you are not using pdfTeX 1.50 or
(etexcmds)             that some package has redefined \expanded.
(etexcmds)             In the latter case, load this package earlier.
Package: kvsetkeys 2012/04/25 v1.16 Key value parser (HO)
Package: kvdefinekeys 2011/04/07 v1.3 Define keys (HO)
Package: pdftexcmds 2011/11/29 v0.20 Utility functions of pdfTeX for LuaTeX (HO
)
Package pdftexcmds Info: LuaTeX not detected.
Package pdftexcmds Info: \pdf@primitive is available.
Package pdftexcmds Info: \pdf@ifprimitive is available.
Package pdftexcmds Info: \pdfdraftmode is ignored in DVI mode.
Package: pdfescape 2011/11/25 v1.13 Implements pdfTeX's escape features (HO)
Package: bigintcalc 2012/04/08 v1.3 Expandable calculations on big integers (HO
)
Package: bitset 2011/01/30 v1.1 Handle bit-vector datatype (HO)
Package: uniquecounter 2011/01/30 v1.2 Provide unlimited unique counter (HO)
)
Package hobsub Info: Skipping package `hobsub' (already loaded).
Package: letltxmacro 2010/09/02 v1.4 Let assignment for LaTeX macros (HO)
Package: hopatch 2011/06/24 v1.1 Wrapper for package hooks (HO)
Package: xcolor-patch 2011/01/30 xcolor patch
Package: atveryend 2011/06/30 v1.8 Hooks at the very end of document (HO)
Package atveryend Info: \enddocument detected (standard20110627).
Package: atbegshi 2011/10/05 v1.16 At begin shipout hook (HO)
Package: refcount 2011/10/16 v3.4 Data extraction from label references (HO)
Package: hycolor 2011/01/30 v1.7 Color options for hyperref/bookmark (HO)
)
("C:\Program Files\MiKTeX 2.9\tex\generic\ifxetex\ifxetex.sty"
Package: ifxetex 2010/09/12 v0.6 Provides ifxetex conditional
)
("C:\Program Files\MiKTeX 2.9\tex\latex\oberdiek\auxhook.sty"
Package: auxhook 2011/03/04 v1.3 Hooks for auxiliary files (HO)
)
("C:\Program Files\MiKTeX 2.9\tex\latex\oberdiek\kvoptions.sty"
Package: kvoptions 2011/06/30 v3.11 Key value format for package options (HO)
)
\@linkdim=\dimen138
\Hy@linkcounter=\count123
\Hy@pagecounter=\count124

("C:\Program Files\MiKTeX 2.9\tex\latex\hyperref\pd1enc.def"
File: pd1enc.def 2012/11/06 v6.83m Hyperref: PDFDocEncoding definition (HO)
)
\Hy@SavedSpaceFactor=\count125

("C:\Program Files\MiKTeX 2.9\tex\latex\00miktex\hyperref.cfg"
File: hyperref.cfg 2002/06/06 v1.2 hyperref configuration of TeXLive
)
Package hyperref Info: Option `colorlinks' set `true' on input line 4319.
Package hyperref Info: Option `bookmarksopen' set `true' on input line 4319.
Package hyperref Info: Option `bookmarksnumbered' set `true' on input line 4319
.
Package hyperref Info: Hyper figures OFF on input line 4443.
Package hyperref Info: Link nesting OFF on input line 4448.
Package hyperref Info: Hyper index ON on input line 4451.
Package hyperref Info: Plain pages OFF on input line 4458.
Package hyperref Info: Backreferencing OFF on input line 4463.
Package hyperref Info: Implicit mode ON; LaTeX internals redefined.
Package hyperref Info: Bookmarks ON on input line 4688.
\c@Hy@tempcnt=\count126

("C:\Program Files\MiKTeX 2.9\tex\latex\url\url.sty"
\Urlmuskip=\muskip11
Package: url 2013/09/16  ver 3.4  Verb mode for urls, etc.
)
LaTeX Info: Redefining \url on input line 5041.
\XeTeXLinkMargin=\dimen139
\Fld@menulength=\count127
\Field@Width=\dimen140
\Fld@charsize=\dimen141
Package hyperref Info: Hyper figures OFF on input line 6295.
Package hyperref Info: Link nesting OFF on input line 6300.
Package hyperref Info: Hyper index ON on input line 6303.
Package hyperref Info: backreferencing OFF on input line 6310.
Package hyperref Info: Link coloring ON on input line 6313.
Package hyperref Info: Link coloring with OCG OFF on input line 6320.
Package hyperref Info: PDF/A mode OFF on input line 6325.
LaTeX Info: Redefining \ref on input line 6365.
LaTeX Info: Redefining \pageref on input line 6369.
\Hy@abspage=\count128
\c@Item=\count129
\c@Hfootnote=\count130
)

Package hyperref Message: Driver: hdvips.

("C:\Program Files\MiKTeX 2.9\tex\latex\hyperref\hdvips.def"
File: hdvips.def 2012/11/06 v6.83m Hyperref driver for dvips

("C:\Program Files\MiKTeX 2.9\tex\latex\hyperref\pdfmark.def"
File: pdfmark.def 2012/11/06 v6.83m Hyperref definitions for pdfmark specials
\pdf@docset=\toks33
\pdf@box=\box32
\pdf@toks=\toks34
\pdf@defaulttoks=\toks35
\HyField@AnnotCount=\count131
\Fld@listcount=\count132
\c@bookmark@seq@number=\count133

("C:\Program Files\MiKTeX 2.9\tex\latex\oberdiek\rerunfilecheck.sty"
Package: rerunfilecheck 2011/04/15 v1.7 Rerun checks for auxiliary files (HO)
Package uniquecounter Info: New unique counter `rerunfilecheck' on input line 2
82.
)
\Hy@SectionHShift=\skip57
))
(stvrdoc-zfb.aux)
LaTeX Font Info:    Checking defaults for OML/cmm/m/it on input line 20.
LaTeX Font Info:    ... okay on input line 20.
LaTeX Font Info:    Checking defaults for T1/cmr/m/n on input line 20.
LaTeX Font Info:    ... okay on input line 20.
LaTeX Font Info:    Checking defaults for OT1/cmr/m/n on input line 20.
LaTeX Font Info:    ... okay on input line 20.
LaTeX Font Info:    Checking defaults for OMS/cmsy/m/n on input line 20.
LaTeX Font Info:    ... okay on input line 20.
LaTeX Font Info:    Checking defaults for OMX/cmex/m/n on input line 20.
LaTeX Font Info:    ... okay on input line 20.
LaTeX Font Info:    Checking defaults for U/cmr/m/n on input line 20.
LaTeX Font Info:    ... okay on input line 20.
LaTeX Font Info:    Checking defaults for PD1/pdf/m/n on input line 20.
LaTeX Font Info:    ... okay on input line 20.
LaTeX Font Info:    Try loading font information for OT1+ptm on input line 20.
 ("C:\Program Files\MiKTeX 2.9\tex\latex\psnfss\ot1ptm.fd"
File: ot1ptm.fd 2001/06/04 font definitions for OT1/ptm.
)
Package caption Info: Begin \AtBeginDocument code.
Package caption Info: float package is loaded.
Package caption Info: hyperref package is loaded.
Package caption Info: End \AtBeginDocument code.
\AtBeginShipoutBox=\box33
Package hyperref Info: Link coloring ON on input line 20.

("C:\Program Files\MiKTeX 2.9\tex\latex\hyperref\nameref.sty"
Package: nameref 2012/10/27 v2.43 Cross-referencing by name of section

("C:\Program Files\MiKTeX 2.9\tex\generic\oberdiek\gettitlestring.sty"
Package: gettitlestring 2010/12/03 v1.4 Cleanup title references (HO)
)
\c@section@level=\count134
)
LaTeX Info: Redefining \ref on input line 20.
LaTeX Info: Redefining \pageref on input line 20.
LaTeX Info: Redefining \nameref on input line 20.

(stvrdoc-zfb.out) (stvrdoc-zfb.out)
\@outlinefile=\write4
LaTeX Font Info:    Try loading font information for OMS+ptm on input line 38.

("C:\Program Files\MiKTeX 2.9\tex\latex\psnfss\omsptm.fd"
File: omsptm.fd 
)
LaTeX Font Info:    Font shape `OMS/ptm/m/n' in size <9.5> not available
(Font)              Font shape `OMS/cmsy/m/n' tried instead on input line 38.
LaTeX Font Warning: Font shape `OMS/cmsy/m/n' in size <9.5> not available
(Font)              size <9> substituted on input line 38.
LaTeX Font Info:    Calculating math sizes for size <10.3> on input line 38.
LaTeX Font Warning: Font shape `OT1/cmr/m/n' in size <7.20996> not available
(Font)              size <7> substituted on input line 38.
LaTeX Font Warning: Font shape `OT1/cmr/m/n' in size <5.15> not available
(Font)              size <5> substituted on input line 38.
LaTeX Font Warning: Font shape `OML/cmm/m/it' in size <10.3> not available
(Font)              size <10> substituted on input line 38.
LaTeX Font Warning: Font shape `OML/cmm/m/it' in size <7.20996> not available
(Font)              size <7> substituted on input line 38.
LaTeX Font Warning: Font shape `OML/cmm/m/it' in size <5.15> not available
(Font)              size <5> substituted on input line 38.
LaTeX Font Warning: Font shape `OMS/cmsy/m/n' in size <10.3> not available
(Font)              size <10> substituted on input line 38.
LaTeX Font Warning: Font shape `OMS/cmsy/m/n' in size <7.20996> not available
(Font)              size <7> substituted on input line 38.
LaTeX Font Warning: Font shape `OMS/cmsy/m/n' in size <5.15> not available
(Font)              size <5> substituted on input line 38.
LaTeX Font Info:    Try loading font information for U+lasy on input line 38.

("C:\Program Files\MiKTeX 2.9\tex\latex\base\ulasy.fd"
File: ulasy.fd 1998/08/17 v2.2e LaTeX symbol font definitions
)
LaTeX Font Warning: Font shape `U/lasy/m/n' in size <10.3> not available
(Font)              size <10> substituted on input line 38.
LaTeX Font Warning: Font shape `U/lasy/m/n' in size <7.20996> not available
(Font)              size <7> substituted on input line 38.
LaTeX Font Warning: Font shape `U/lasy/m/n' in size <5.15> not available
(Font)              size <5> substituted on input line 38.
LaTeX Font Info:    Try loading font information for U+msa on input line 38.

("C:\Program Files\MiKTeX 2.9\tex\latex\amsfonts\umsa.fd"
File: umsa.fd 2013/01/14 v3.01 AMS symbols A
)
LaTeX Font Info:    Try loading font information for U+msb on input line 38.

("C:\Program Files\MiKTeX 2.9\tex\latex\amsfonts\umsb.fd"
File: umsb.fd 2013/01/14 v3.01 AMS symbols B
)
LaTeX Font Warning: Font shape `OT1/cmr/bx/n' in size <10.3> not available
(Font)              size <10> substituted on input line 38.
LaTeX Font Warning: Font shape `OT1/cmr/bx/n' in size <7.20996> not available
(Font)              size <7> substituted on input line 38.
LaTeX Font Warning: Font shape `OT1/cmr/bx/n' in size <5.15> not available
(Font)              size <5> substituted on input line 38.
LaTeX Font Warning: Font shape `OML/cmm/b/it' in size <10.3> not available
(Font)              size <10> substituted on input line 38.
LaTeX Font Warning: Font shape `OML/cmm/b/it' in size <7.20996> not available
(Font)              size <7> substituted on input line 38.
LaTeX Font Warning: Font shape `OML/cmm/b/it' in size <5.15> not available
(Font)              size <5> substituted on input line 38.
LaTeX Font Warning: Font shape `OMS/cmsy/b/n' in size <10.3> not available
(Font)              size <10> substituted on input line 38.
LaTeX Font Warning: Font shape `OMS/cmsy/b/n' in size <7.20996> not available
(Font)              size <7> substituted on input line 38.
LaTeX Font Warning: Font shape `OMS/cmsy/b/n' in size <5.15> not available
(Font)              size <5> substituted on input line 38.
LaTeX Font Warning: Font shape `U/lasy/b/n' in size <10.3> not available
(Font)              size <10> substituted on input line 38.
LaTeX Font Info:    Font shape `U/lasy/b/n' in size <7.20996> not available
(Font)              Font shape `U/lasy/m/n' tried instead on input line 38.
LaTeX Font Warning: Font shape `U/lasy/m/n' in size <7.20996> not available
(Font)              size <7> substituted on input line 38.
LaTeX Font Info:    Font shape `U/lasy/b/n' in size <5.15> not available
(Font)              Font shape `U/lasy/m/n' tried instead on input line 38.
LaTeX Font Warning: Font shape `U/lasy/m/n' in size <5.15> not available
(Font)              size <5> substituted on input line 38.
LaTeX Font Info:    Calculating math sizes for size <11.5> on input line 43.
LaTeX Font Warning: Font shape `OT1/cmr/m/n' in size <11.5> not available
(Font)              size <12> substituted on input line 43.
LaTeX Font Warning: Font shape `OT1/cmr/m/n' in size <8.04996> not available
(Font)              size <8> substituted on input line 43.
LaTeX Font Warning: Font shape `OT1/cmr/m/n' in size <5.75> not available
(Font)              size <6> substituted on input line 43.
LaTeX Font Warning: Font shape `OML/cmm/m/it' in size <11.5> not available
(Font)              size <12> substituted on input line 43.
LaTeX Font Warning: Font shape `OML/cmm/m/it' in size <8.04996> not available
(Font)              size <8> substituted on input line 43.
LaTeX Font Warning: Font shape `OML/cmm/m/it' in size <5.75> not available
(Font)              size <6> substituted on input line 43.
LaTeX Font Warning: Font shape `OMS/cmsy/m/n' in size <11.5> not available
(Font)              size <12> substituted on input line 43.
LaTeX Font Warning: Font shape `OMS/cmsy/m/n' in size <8.04996> not available
(Font)              size <8> substituted on input line 43.
LaTeX Font Warning: Font shape `OMS/cmsy/m/n' in size <5.75> not available
(Font)              size <6> substituted on input line 43.
LaTeX Font Warning: Font shape `U/lasy/m/n' in size <11.5> not available
(Font)              size <12> substituted on input line 43.
LaTeX Font Warning: Font shape `U/lasy/m/n' in size <8.04996> not available
(Font)              size <8> substituted on input line 43.
LaTeX Font Warning: Font shape `U/lasy/m/n' in size <5.75> not available
(Font)              size <6> substituted on input line 43.
LaTeX Font Warning: Font shape `OT1/cmr/bx/n' in size <11.5> not available
(Font)              size <12> substituted on input line 43.
LaTeX Font Warning: Font shape `OT1/cmr/bx/n' in size <8.04996> not available
(Font)              size <8> substituted on input line 43.
LaTeX Font Warning: Font shape `OT1/cmr/bx/n' in size <5.75> not available
(Font)              size <6> substituted on input line 43.
LaTeX Font Warning: Font shape `OML/cmm/b/it' in size <11.5> not available
(Font)              size <12> substituted on input line 43.
LaTeX Font Warning: Font shape `OML/cmm/b/it' in size <8.04996> not available
(Font)              size <8> substituted on input line 43.
LaTeX Font Warning: Font shape `OML/cmm/b/it' in size <5.75> not available
(Font)              size <6> substituted on input line 43.
LaTeX Font Warning: Font shape `OMS/cmsy/b/n' in size <11.5> not available
(Font)              size <12> substituted on input line 43.
LaTeX Font Warning: Font shape `OMS/cmsy/b/n' in size <8.04996> not available
(Font)              size <8> substituted on input line 43.
LaTeX Font Warning: Font shape `OMS/cmsy/b/n' in size <5.75> not available
(Font)              size <6> substituted on input line 43.
LaTeX Font Warning: Font shape `U/lasy/b/n' in size <11.5> not available
(Font)              size <12> substituted on input line 43.
LaTeX Font Info:    Font shape `U/lasy/b/n' in size <8.04996> not available
(Font)              Font shape `U/lasy/m/n' tried instead on input line 43.
LaTeX Font Warning: Font shape `U/lasy/m/n' in size <8.04996> not available
(Font)              size <8> substituted on input line 43.
LaTeX Font Info:    Font shape `U/lasy/b/n' in size <5.75> not available
(Font)              Font shape `U/lasy/m/n' tried instead on input line 43.
LaTeX Font Warning: Font shape `U/lasy/m/n' in size <5.75> not available
(Font)              size <6> substituted on input line 43.
LaTeX Font Info:    Font shape `OMS/ptm/m/n' in size <8.04996> not available
(Font)              Font shape `OMS/cmsy/m/n' tried instead on input line 43.
LaTeX Font Warning: Font shape `OMS/cmsy/m/n' in size <8.04996> not available
(Font)              size <8> substituted on input line 43.
LaTeX Font Info:    Calculating math sizes for size <8.5> on input line 43.
LaTeX Font Warning: Font shape `OT1/cmr/m/n' in size <8.5> not available
(Font)              size <8> substituted on input line 43.
LaTeX Font Warning: Font shape `OT1/cmr/m/n' in size <5.94997> not available
(Font)              size <6> substituted on input line 43.
LaTeX Font Warning: Font shape `OT1/cmr/m/n' in size <4.25> not available
(Font)              size <5> substituted on input line 43.
LaTeX Font Warning: Font shape `OML/cmm/m/it' in size <8.5> not available
(Font)              size <8> substituted on input line 43.
LaTeX Font Warning: Font shape `OML/cmm/m/it' in size <5.94997> not available
(Font)              size <6> substituted on input line 43.
LaTeX Font Warning: Font shape `OML/cmm/m/it' in size <4.25> not available
(Font)              size <5> substituted on input line 43.
LaTeX Font Warning: Font shape `OMS/cmsy/m/n' in size <8.5> not available
(Font)              size <8> substituted on input line 43.
LaTeX Font Warning: Font shape `OMS/cmsy/m/n' in size <5.94997> not available
(Font)              size <6> substituted on input line 43.
LaTeX Font Warning: Font shape `OMS/cmsy/m/n' in size <4.25> not available
(Font)              size <5> substituted on input line 43.
LaTeX Font Warning: Font shape `U/lasy/m/n' in size <8.5> not available
(Font)              size <8> substituted on input line 43.
LaTeX Font Warning: Font shape `U/lasy/m/n' in size <5.94997> not available
(Font)              size <6> substituted on input line 43.
LaTeX Font Warning: Font shape `U/lasy/m/n' in size <4.25> not available
(Font)              size <5> substituted on input line 43.
LaTeX Font Warning: Font shape `OT1/cmr/bx/n' in size <8.5> not available
(Font)              size <8> substituted on input line 43.
LaTeX Font Warning: Font shape `OT1/cmr/bx/n' in size <5.94997> not available
(Font)              size <6> substituted on input line 43.
LaTeX Font Warning: Font shape `OT1/cmr/bx/n' in size <4.25> not available
(Font)              size <5> substituted on input line 43.
LaTeX Font Warning: Font shape `OML/cmm/b/it' in size <8.5> not available
(Font)              size <8> substituted on input line 43.
LaTeX Font Warning: Font shape `OML/cmm/b/it' in size <5.94997> not available
(Font)              size <6> substituted on input line 43.
LaTeX Font Warning: Font shape `OML/cmm/b/it' in size <4.25> not available
(Font)              size <5> substituted on input line 43.
LaTeX Font Warning: Font shape `OMS/cmsy/b/n' in size <8.5> not available
(Font)              size <8> substituted on input line 43.
LaTeX Font Warning: Font shape `OMS/cmsy/b/n' in size <5.94997> not available
(Font)              size <6> substituted on input line 43.
LaTeX Font Warning: Font shape `OMS/cmsy/b/n' in size <4.25> not available
(Font)              size <5> substituted on input line 43.
LaTeX Font Info:    Font shape `U/lasy/b/n' in size <8.5> not available
(Font)              Font shape `U/lasy/m/n' tried instead on input line 43.
LaTeX Font Warning: Font shape `U/lasy/m/n' in size <8.5> not available
(Font)              size <8> substituted on input line 43.
LaTeX Font Info:    Font shape `U/lasy/b/n' in size <5.94997> not available
(Font)              Font shape `U/lasy/m/n' tried instead on input line 43.
LaTeX Font Warning: Font shape `U/lasy/m/n' in size <5.94997> not available
(Font)              size <6> substituted on input line 43.
LaTeX Font Info:    Font shape `U/lasy/b/n' in size <4.25> not available
(Font)              Font shape `U/lasy/m/n' tried instead on input line 43.
LaTeX Font Warning: Font shape `U/lasy/m/n' in size <4.25> not available
(Font)              size <5> substituted on input line 43.
LaTeX Font Info:    Font shape `OT1/ptm/bx/n' in size <8.5> not available
(Font)              Font shape `OT1/ptm/b/n' tried instead on input line 54.
LaTeX Font Info:    Font shape `OMS/ptm/m/n' in size <8.5> not available
(Font)              Font shape `OMS/cmsy/m/n' tried instead on input line 54.
LaTeX Font Warning: Font shape `OMS/cmsy/m/n' in size <8.5> not available
(Font)              size <8> substituted on input line 54.
LaTeX Font Info:    Try loading font information for OT1+phv on input line 54.

("C:\Program Files\MiKTeX 2.9\tex\latex\psnfss\ot1phv.fd"
File: ot1phv.fd 2001/06/04 scalable font definitions for OT1/phv.
)
LaTeX Font Info:    Font shape `OT1/phv/m/it' in size <8.5> not available
(Font)              Font shape `OT1/phv/m/sl' tried instead on input line 54.
 [1

]
Missing character: There is no ‚ in font ptmr7t!
Missing character: There is no Ä in font ptmr7t!
Missing character: There is no ì in font ptmr7t!

Underfull \vbox (badness 10000) has occurred while \output is active []

 [2]
Underfull \vbox (badness 10000) has occurred while \output is active []

 [3]
LaTeX Font Info:    Font shape `OMS/ptm/m/n' in size <10.3> not available
(Font)              Font shape `OMS/cmsy/m/n' tried instead on input line 68.
LaTeX Font Warning: Font shape `OMS/cmsy/m/n' in size <10.3> not available
(Font)              size <10> substituted on input line 68.

[4]
File: MotivatingExample.eps Graphic file (type eps)
 <MotivatingExample.eps> [5] [6]
File: CausalDAG1.eps Graphic file (type eps)
 <CausalDAG1.eps>
Underfull \vbox (badness 10000) has occurred while \output is active []

 [7]
File: CausalDAG2.eps Graphic file (type eps)

<CausalDAG2.eps> [8] [9]
Missing character: There is no Ã in font ptmr7t!
Missing character: There is no Ç in font ptmr7t!
Missing character: There is no Ã in font ptmr7t!
Missing character: There is no Ç in font ptmr7t!
 [10] [11]
Underfull \vbox (badness 10000) has occurred while \output is active []

 [12]
[13] [14]
LaTeX Font Info:    Font shape `OT1/ptm/bx/it' in size <10.3> not available
(Font)              Font shape `OT1/ptm/b/it' tried instead on input line 232.

Underfull \hbox (badness 10000) in paragraph at lines 229--236

 []


Underfull \hbox (badness 10000) in paragraph at lines 229--236

 []

[15]
Missing character: There is no ‚ in font ptmr7t!
Missing character: There is no Ä in font ptmr7t!
Missing character: There is no ô in font ptmr7t!
Missing character: There is no Ã in font ptmr7t!
Missing character: There is no Ç in font ptmr7t!

Underfull \hbox (badness 10000) in paragraph at lines 245--251

 []


Underfull \hbox (badness 10000) in paragraph at lines 245--251

 []

[16]
File: DRF_curves.eps Graphic file (type eps)
 <DRF_curves.eps>
Missing character: There is no Ã in font ptmr7t!
Missing character: There is no Ç in font ptmr7t!
Missing character: There is no Ã in font cmr10!
Missing character: There is no Ç in font cmr10!
Missing character: There is no Ã in font ptmr7t!
Missing character: There is no Ç in font ptmr7t!
Missing character: There is no Ã in font ptmr7t!
Missing character: There is no Ç in font ptmr7t!
LaTeX Font Info:    Font shape `OT1/ptm/bx/n' in size <10.3> not available
(Font)              Font shape `OT1/ptm/b/n' tried instead on input line 277.
Missing character: There is no ‚ in font cmr10!
Missing character: There is no Å in font cmr10!
Missing character: There is no ° in font cmr10!
Missing character: There is no ‚ in font cmr10!
Missing character: There is no î in font cmr10!
Missing character: There is no § in font cmr10!


LaTeX Warning: Float too large for page by 155.25548pt on input line 312.

Missing character: There is no Ã in font ptmr7t!
Missing character: There is no Ç in font ptmr7t!
Missing character: There is no Ã in font ptmr7t!
Missing character: There is no Ç in font ptmr7t!
[17] [18]
Missing character: There is no ‚ in font cmr10!
Missing character: There is no Å in font cmr10!
Missing character: There is no ° in font cmr10!

Underfull \vbox (badness 10000) has occurred while \output is active []

 [19]
Underfull \vbox (badness 10000) has occurred while \output is active []

 [20]
Underfull \vbox (badness 10000) has occurred while \output is active []

 [21]
Underfull \vbox (badness 10000) has occurred while \output is active []

 [22]
[23] [24]
LaTeX Font Info:    Font shape `U/lasy/b/n' in size <8> not available
(Font)              Font shape `U/lasy/m/n' tried instead on input line 410.
LaTeX Font Info:    Font shape `U/lasy/b/n' in size <6> not available
(Font)              Font shape `U/lasy/m/n' tried instead on input line 410.
LaTeX Font Info:    Font shape `U/lasy/b/n' in size <5> not available
(Font)              Font shape `U/lasy/m/n' tried instead on input line 410.
LaTeX Font Info:    Font shape `OT1/ptm/bx/n' in size <8> not available
(Font)              Font shape `OT1/ptm/b/n' tried instead on input line 412.

Underfull \vbox (badness 10000) has occurred while \output is active []

 [25]
Underfull \vbox (badness 10000) has occurred while \output is active []

 [26]
File: QRM_VS_Base.eps Graphic file (type eps)

<QRM_VS_Base.eps>
Missing character: There is no ‚ in font cmr10!
Missing character: There is no Å in font cmr10!
Missing character: There is no ° in font cmr10!

Underfull \vbox (badness 10000) has occurred while \output is active []

 [27]
Underfull \vbox (badness 10000) has occurred while \output is active []

 [28]
File: QRM_allFail.eps Graphic file (type eps)

<QRM_allFail.eps> [29]
Underfull \vbox (badness 10000) has occurred while \output is active []

 [30]
File: QRM_VS_Base_MultipleFault.eps Graphic file (type eps)

<QRM_VS_Base_MultipleFault.eps> [31]
Underfull \vbox (badness 10000) has occurred while \output is active []

 [32]
[33]
File: CBPS_VS_GPS.eps Graphic file (type eps)
 <CBPS_VS_GPS.eps>
File: CBPS_VS_GPS_MultipleFault.eps Graphic file (type eps)
 <CBPS_VS_GPS_MultipleFault.eps> [34] [35]
Underfull \vbox (badness 10000) has occurred while \output is active []

 [36]
[37]
Underfull \hbox (badness 10000) in paragraph at lines 674--674

 []


Overfull \hbox (5.43877pt too wide) in paragraph at lines 676--677
[][]\OT1/ptm/m/n/8.5 Vuik K. \OT1/ptm/m/it/8.5 Some dis-as-ters caused by numer
-i-cal errors\OT1/ptm/m/n/8.5 . Web-site at: http://ta.twi.tudelft.nl/users/vui
k/wi211/disasters.html. 
 []

[38]
Underfull \vbox (badness 10000) has occurred while \output is active []

 [39]
Missing character: There is no ‚ in font ptmri7t!
Missing character: There is no Ä in font ptmri7t!
Missing character: There is no ò in font ptmri7t!
Missing character: There is no ‚ in font ptmri7t!
Missing character: There is no Ä in font ptmri7t!
Missing character: There is no ô in font ptmri7t!
Package atveryend Info: Empty hook `BeforeClearDocument' on input line 760.

[40]
Package atveryend Info: Empty hook `AfterLastShipout' on input line 760.
 (stvrdoc-zfb.aux)
Package atveryend Info: Empty hook `AtVeryEndDocument' on input line 760.
Package atveryend Info: Executing hook `AtEndAfterFileList' on input line 760.
Package rerunfilecheck Info: File `stvrdoc-zfb.out' has not changed.
(rerunfilecheck)             Checksum: A9089AAF9FA9E51D86897F664424D7EC;2005.
LaTeX Font Warning: Size substitutions with differences
(Font)              up to 0.75pt have occurred.


LaTeX Warning: Label(s) may have changed. Rerun to get cross-references right.

Package atveryend Info: Empty hook `AtVeryVeryEnd' on input line 760.
 ) 
Here is how much of TeX's memory you used:
 8204 strings out of 493674
 120933 string characters out of 3143983
 217298 words of memory out of 3000000
 11388 multiletter control sequences out of 15000+200000
 29323 words of font info for 103 fonts, out of 3000000 for 9000
 1026 hyphenation exceptions out of 8191
 43i,14n,40p,1739b,454s stack positions out of 5000i,500n,10000p,200000b,50000s

Output written on stvrdoc-zfb.dvi (40 pages, 221340 bytes).
